<?xml version="1.0" encoding="UTF-8"?>
<!-- Generated by org.testng.reporters.JUnitReportReporter -->
<testsuite hostname="Gauravs-MacBook-Pro.local" failures="0" tests="5" name="Runner" time="0.383" errors="0" timestamp="2022-08-09T19:25:39 AEST" skipped="0">
  <testcase classname="Runner" name="createRecords" time="0.005"/>
  <system-out/>
  <testcase classname="Runner" name="execute" time="0.158"/>
  <system-out>
    <![CDATA[Email sent successfully for the user email Address Peter@gmail.com
User with Peter@gmail.com processed on 2022-08-09 19:25:38.958: Logged through Email
Email sent successfully for the user email Address Sam@gmail.com
User with Sam@gmail.com processed on 2022-08-09 19:25:38.971: Logged through Email
Email sent successfully for the user email Address John@gmail.com
User with John@gmail.com processed on 2022-08-09 19:25:38.981: Logged through Email
JIRA Task created successfully for the user email Address Charles@gmail.com
User with Charles@gmail.com processed on 2022-08-09 19:25:38.984: Logged through JIRA]]>
  </system-out>
  <testcase classname="Runner" name="createRecords" time="0.210"/>
  <system-out/>
  <testcase classname="Runner" name="createRecords" time="0.006"/>
  <system-out/>
  <testcase classname="Runner" name="createRecords" time="0.004"/>
  <system-out/>
</testsuite> <!-- Runner -->
