<?xml version="1.0" encoding="UTF-8"?>
<!-- Generated by org.testng.reporters.JUnitReportReporter -->
<testsuite hostname="Gauravs-MacBook-Pro.local" failures="0" tests="5" name="Runner" time="18.884" errors="0" timestamp="2022-08-09T19:02:04 AEST" skipped="0">
  <testcase classname="Runner" name="createRecords" time="0.008"/>
  <system-out/>
  <testcase classname="Runner" name="execute" time="18.759"/>
  <system-out>
    <![CDATA[type: 
 message: 
, emailaddress: 
, createddate: 
, processeddate: 2014-07-02 06:14:00.742
type: 
 message: 
, emailaddress: 
, createddate: 
, processeddate: 2014-07-02 06:14:00.742
type: normal
 message: need a flat
, emailaddress: abcd@mail.com
, createddate: 2022-10-10
, processeddate: 2022-08-20 00:00:00.0
type: normal
 message: need a flat
, emailaddress: abcd@mail.com
, createddate: 2022-10-10
, processeddate: 2022-08-20 00:00:00.0
type: normal
 message: need a flat
, emailaddress: abcd@mail.com
, createddate: 2022-10-10
, processeddate: 2022-08-20 00:00:00.0
type: normal
 message: need a flat
, emailaddress: abcd@mail.com
, createddate: 2022-10-10
, processeddate: 2022-08-20 00:00:00.0
type: normal
 message: need a flat
, emailaddress: abcd@mail.com
, createddate: 2022-10-10
, processeddate: 2022-08-20 00:00:00.0
type: normal
 message: need a flat
, emailaddress: abcd@mail.com
, createddate: 2022-10-10
, processeddate: 2022-08-20 00:00:00.0
type: normal
 message: need a flat
, emailaddress: abcd@mail.com
, createddate: 2022-10-10
, processeddate: 2022-08-20 00:00:00.0
type: urgent
 message: Want an apartment in Melbourne
, emailaddress: John@mail.com
, createddate: 2022-08-01
, processeddate: 2022-08-09 04:25:04.37
type: Urgent
 message: Looking for a house in Australia
, emailaddress: Charles@mail.com
, createddate: 2022-08-09
, processeddate: 2022-08-09 04:25:04.394
type: General
 message: Looking for a rent house in Sydney
, emailaddress: Peter@mail.com
, createddate: 2022-08-07
, processeddate: 2022-08-09 04:25:04.396
type: High
 message: Want to sell house
, emailaddress: Sam@mail.com
, createddate: 2022-08-07
, processeddate: 2022-08-09 04:25:04.398
type: Urgent
 message: Looking for a house in Australia
, emailaddress: Charles@gmail.com
, createddate: 2022-08-08
, processeddate: 2022-08-09 18:59:06.701
type: Urgent
 message: Looking for a house in Australia
, emailaddress: Charles@gmail.com
, createddate: 2022-08-08
, processeddate: 2022-08-09 18:59:06.701
type: Urgent
 message: Looking for a house in Australia
, emailaddress: Charles@gmail.com
, createddate: 2022-08-08
, processeddate: 2022-08-09 18:59:06.701
type: Urgent
 message: Looking for a house in Australia
, emailaddress: Charles@gmail.com
, createddate: 2022-08-08
, processeddate: 2022-08-09 18:59:06.701
type: Urgent
 message: Looking for a house in Australia
, emailaddress: Charles@gmail.com
, createddate: 2022-08-08
, processeddate: 2022-08-09 18:59:06.701
type: Urgent
 message: Looking for a house in Australia
, emailaddress: Charles@gmail.com
, createddate: 2022-08-08
, processeddate: 2022-08-09 18:59:06.701
type: Urgent
 message: Looking for a house in Australia
, emailaddress: Charles@gmail.com
, createddate: 2022-08-08
, processeddate: 2022-08-09 18:59:06.701
type: OK
 message: need a flat in sydney
, emailaddress: abcd324@mail.com
, createddate: 2021-10-10
, processeddate: 2022-08-09 04:18:40.596
type: OK
 message: need a flat in America
, emailaddress: abcd324@mail.com
, createddate: 2021-10-10
, processeddate: 2022-08-09 04:18:40.596
type: OK
 message: need a flat in America
, emailaddress: abcd324@mail.com
, createddate: 2021-10-10
, processeddate: 2022-08-09 04:18:40.596
type: OK
 message: need a flat in America
, emailaddress: abcd324@mail.com
, createddate: 2022-08-05
, processeddate: 2022-08-09 04:18:40.596
type: urgent
 message: need a flat in America
, emailaddress: abcd324@mail.com
, createddate: 2022-08-06
, processeddate: 2022-08-09 04:18:40.596
type: urgent
 message: need a flat in America
, emailaddress: abcd324@mail.com
, createddate: 2022-08-06
, processeddate: 2022-08-09 04:18:40.596
type: urgent
 message: need a flat in America
, emailaddress: abcd324@mail.com
, createddate: 2022-08-06
, processeddate: 2022-08-09 04:18:40.596
type: urgent
 message: need a flat in America
, emailaddress: abcd324@mail.com
, createddate: 2022-08-06
, processeddate: 2022-08-09 04:18:40.596
type: urgent
 message: need a flat in America
, emailaddress: abcd324@mail.com
, createddate: 2022-08-06
, processeddate: 2022-08-09 04:18:40.596
type: urgent
 message: need a flat in America
, emailaddress: abcd324@mail.com
, createddate: 2022-08-06
, processeddate: 2022-08-09 04:18:40.596
type: General
 message: Looking for a rent house in Sydney
, emailaddress: Peter@gmail.com
, createddate: 2022-08-07
, processeddate: 2022-08-09 18:59:09.555
type: General
 message: Looking for a rent house in Sydney
, emailaddress: Peter@gmail.com
, createddate: 2022-08-07
, processeddate: 2022-08-09 18:59:09.555
type: General
 message: Looking for a rent house in Sydney
, emailaddress: Peter@gmail.com
, createddate: 2022-08-07
, processeddate: 2022-08-09 18:59:09.555
type: General
 message: Looking for a rent house in Sydney
, emailaddress: Peter@gmail.com
, createddate: 2022-08-07
, processeddate: 2022-08-09 18:59:09.555
type: urgent
 message: need a flat in America
, emailaddress: abcd324@mail.com
, createddate: 2022-08-06
, processeddate: 2022-08-09 04:18:40.596
type: urgent
 message: need a flat in America
, emailaddress: abcd324@mail.com
, createddate: 2022-08-06
, processeddate: 2022-08-09 04:18:40.596
type: urgent
 message: need a flat in America
, emailaddress: abcd324@mail.com
, createddate: 2022-08-07
, processeddate: 2022-08-09 04:18:40.596
type: urgent
 message: need a flat in America
, emailaddress: abcd324@mail.com
, createddate: 2022-08-07
, processeddate: 2022-08-09 04:18:40.596
type: urgent
 message: need a flat in America
, emailaddress: abcd324@mail.com
, createddate: 2022-08-08
, processeddate: 2022-08-09 04:18:40.596
type: Urgent
 message: need a flat in America
, emailaddress: abcd324@mail.com
, createddate: 2022-08-09
, processeddate: 2022-08-09 04:18:40.596
type: General
 message: Looking for a rent house in Sydney
, emailaddress: Peter@gmail.com
, createddate: 2022-08-07
, processeddate: 2022-08-09 18:59:09.555
type: General
 message: Looking for a rent house in Sydney
, emailaddress: Peter@gmail.com
, createddate: 2022-08-07
, processeddate: 2022-08-09 18:59:09.555
type: General
 message: Looking for a rent house in Sydney
, emailaddress: Peter@gmail.com
, createddate: 2022-08-07
, processeddate: 2022-08-09 18:59:09.555
type: High
 message: Want to sell house
, emailaddress: Sam@gmail.com
, createddate: 2022-08-07
, processeddate: 2022-08-09 18:59:12.217
type: High
 message: Want to sell house
, emailaddress: Sam@gmail.com
, createddate: 2022-08-07
, processeddate: 2022-08-09 18:59:12.217
type: High
 message: Want to sell house
, emailaddress: Sam@gmail.com
, createddate: 2022-08-07
, processeddate: 2022-08-09 18:59:12.217
type: High
 message: Want to sell house
, emailaddress: Sam@gmail.com
, createddate: 2022-08-07
, processeddate: 2022-08-09 18:59:12.217
type: urgent
 message: Want an apartment in Melbourne
, emailaddress: John@gmail.com
, createddate: 2022-08-01
, processeddate: 2022-08-09 18:59:04.852
type: urgent
 message: Want an apartment in Melbourne
, emailaddress: John@gmail.com
, createddate: 2022-08-01
, processeddate: 2022-08-09 18:59:04.852
type: urgent
 message: Want an apartment in Melbourne
, emailaddress: John@gmail.com
, createddate: 2022-08-01
, processeddate: 2022-08-09 18:59:04.852
type: urgent
 message: Want an apartment in Melbourne
, emailaddress: John@gmail.com
, createddate: 2022-08-01
, processeddate: 2022-08-09 18:59:04.852
type: urgent
 message: Want an apartment in Melbourne
, emailaddress: John@gmail.com
, createddate: 2022-08-01
, processeddate: 2022-08-09 18:59:04.852
type: urgent
 message: Want an apartment in Melbourne
, emailaddress: John@gmail.com
, createddate: 2022-08-01
, processeddate: 2022-08-09 18:59:04.852
type: urgent
 message: Want an apartment in Melbourne
, emailaddress: John@gmail.com
, createddate: 2022-08-01
, processeddate: 2022-08-09 18:59:04.852
type: High
 message: Want to sell house
, emailaddress: Sam@gmail.com
, createddate: 2022-08-07
, processeddate: 2022-08-09 18:59:12.217
type: High
 message: Want to sell house
, emailaddress: Sam@gmail.com
, createddate: 2022-08-07
, processeddate: 2022-08-09 18:59:12.217
type: High
 message: Want to sell house
, emailaddress: Sam@gmail.com
, createddate: 2022-08-07
, processeddate: 2022-08-09 18:59:12.217
type: urgent
 message: Want an apartment in Melbourne
, emailaddress: John@gmail.com
, createddate: 2022-08-01
, processeddate: 0001-01-01 00:00:00.0
Email sent successfully for the user email Address John@gmail.com
User with John@gmail.com processed on 2022-08-09 19:01:48.853: Logged through Email
type: Urgent
 message: Looking for a house in Australia
, emailaddress: Charles@gmail.com
, createddate: 2022-08-08
, processeddate: 0001-01-01 00:00:00.0
JIRA Task created successfully for the user email Address Charles@gmail.com
User with Charles@gmail.com processed on 2022-08-09 19:01:49.718: Logged through Email
type: General
 message: Looking for a rent house in Sydney
, emailaddress: Peter@gmail.com
, createddate: 2022-08-07
, processeddate: 0001-01-01 00:00:00.0
Email sent successfully for the user email Address Peter@gmail.com
User with Peter@gmail.com processed on 2022-08-09 19:01:52.399: Logged through Email
type: general
 message: need a flat in America
, emailaddress: abcd324@mail.com
, createddate: 2022-08-07
, processeddate: 2022-08-09 04:18:40.596
type: high
 message: need a flat in America
, emailaddress: abcd324@mail.com
, createddate: 2022-08-07
, processeddate: 2022-08-09 04:18:40.596
type: urgent
 message: Want an apartment in Melbourne
, emailaddress: John@gmail.com
, createddate: 2022-08-01
, processeddate: 2022-08-09 18:59:04.852
type: urgent
 message: Want an apartment in Melbourne
, emailaddress: John@gmail.com
, createddate: 2022-08-01
, processeddate: 2022-08-09 18:59:04.852
type: urgent
 message: Want an apartment in Melbourne
, emailaddress: John@gmail.com
, createddate: 2022-08-01
, processeddate: 2022-08-09 18:59:04.852
type: urgent
 message: Want an apartment in Melbourne
, emailaddress: John@gmail.com
, createddate: 2022-08-01
, processeddate: 2022-08-09 18:59:04.852
type: urgent
 message: Want an apartment in Melbourne
, emailaddress: John@gmail.com
, createddate: 2022-08-01
, processeddate: 2022-08-09 18:59:04.852
type: urgent
 message: Want an apartment in Melbourne
, emailaddress: John@gmail.com
, createddate: 2022-08-01
, processeddate: 2022-08-09 18:59:04.852
type: urgent
 message: Want an apartment in Melbourne
, emailaddress: John@gmail.com
, createddate: 2022-08-01
, processeddate: 2022-08-09 18:59:04.852
type: Urgent
 message: Looking for a house in Australia
, emailaddress: Charles@gmail.com
, createddate: 2022-08-09
, processeddate: 2022-08-09 18:59:06.701
type: Urgent
 message: Looking for a house in Australia
, emailaddress: Charles@gmail.com
, createddate: 2022-08-08
, processeddate: 2022-08-09 18:59:06.701
type: Urgent
 message: Looking for a house in Australia
, emailaddress: Charles@gmail.com
, createddate: 2022-08-08
, processeddate: 2022-08-09 18:59:06.701
type: Urgent
 message: Looking for a house in Australia
, emailaddress: Charles@gmail.com
, createddate: 2022-08-08
, processeddate: 2022-08-09 18:59:06.701
type: Urgent
 message: Looking for a house in Australia
, emailaddress: Charles@gmail.com
, createddate: 2022-08-08
, processeddate: 2022-08-09 18:59:06.701
type: Urgent
 message: Looking for a house in Australia
, emailaddress: Charles@gmail.com
, createddate: 2022-08-08
, processeddate: 2022-08-09 18:59:06.701
type: Urgent
 message: Looking for a house in Australia
, emailaddress: Charles@gmail.com
, createddate: 2022-08-08
, processeddate: 2022-08-09 18:59:06.701
type: General
 message: Looking for a rent house in Sydney
, emailaddress: Peter@gmail.com
, createddate: 2022-08-07
, processeddate: 2022-08-09 18:59:09.555
type: General
 message: Looking for a rent house in Sydney
, emailaddress: Peter@gmail.com
, createddate: 2022-08-07
, processeddate: 2022-08-09 18:59:09.555
type: General
 message: Looking for a rent house in Sydney
, emailaddress: Peter@gmail.com
, createddate: 2022-08-07
, processeddate: 2022-08-09 18:59:09.555
type: General
 message: Looking for a rent house in Sydney
, emailaddress: Peter@gmail.com
, createddate: 2022-08-07
, processeddate: 2022-08-09 18:59:09.555
type: General
 message: Looking for a rent house in Sydney
, emailaddress: Peter@gmail.com
, createddate: 2022-08-07
, processeddate: 2022-08-09 18:59:09.555
type: General
 message: Looking for a rent house in Sydney
, emailaddress: Peter@gmail.com
, createddate: 2022-08-07
, processeddate: 2022-08-09 18:59:09.555
type: General
 message: Looking for a rent house in Sydney
, emailaddress: Peter@gmail.com
, createddate: 2022-08-07
, processeddate: 2022-08-09 18:59:09.555
type: High
 message: Want to sell house
, emailaddress: Sam@gmail.com
, createddate: 2022-08-07
, processeddate: 2022-08-09 18:59:12.217
type: High
 message: Want to sell house
, emailaddress: Sam@gmail.com
, createddate: 2022-08-07
, processeddate: 2022-08-09 18:59:12.217
type: High
 message: Want to sell house
, emailaddress: Sam@gmail.com
, createddate: 2022-08-07
, processeddate: 2022-08-09 18:59:12.217
type: High
 message: Want to sell house
, emailaddress: Sam@gmail.com
, createddate: 2022-08-07
, processeddate: 2022-08-09 18:59:12.217
type: High
 message: Want to sell house
, emailaddress: Sam@gmail.com
, createddate: 2022-08-07
, processeddate: 2022-08-09 18:59:12.217
type: High
 message: Want to sell house
, emailaddress: Sam@gmail.com
, createddate: 2022-08-07
, processeddate: 2022-08-09 18:59:12.217
type: High
 message: Want to sell house
, emailaddress: Sam@gmail.com
, createddate: 2022-08-07
, processeddate: 2022-08-09 18:59:12.217
type: urgent
 message: Want an apartment in Melbourne
, emailaddress: John@gmail.com
, createddate: 2022-08-01
, processeddate: 0001-01-01 00:00:00.0
Email sent successfully for the user email Address John@gmail.com
User with John@gmail.com processed on 2022-08-09 19:01:55.078: Logged through Email
type: Urgent
 message: Looking for a house in Australia
, emailaddress: Charles@gmail.com
, createddate: 2022-08-08
, processeddate: 0001-01-01 00:00:00.0
JIRA Task created successfully for the user email Address Charles@gmail.com
User with Charles@gmail.com processed on 2022-08-09 19:01:55.559: Logged through Email
type: General
 message: Looking for a rent house in Sydney
, emailaddress: Peter@gmail.com
, createddate: 2022-08-07
, processeddate: 0001-01-01 00:00:00.0
Email sent successfully for the user email Address Peter@gmail.com
User with Peter@gmail.com processed on 2022-08-09 19:01:58.308: Logged through Email
type: High
 message: Want to sell house
, emailaddress: Sam@gmail.com
, createddate: 2022-08-07
, processeddate: 0001-01-01 00:00:00.0
Email sent successfully for the user email Address Sam@gmail.com
User with Sam@gmail.com processed on 2022-08-09 19:02:01.694: Logged through Email
type: High
 message: Want to sell house
, emailaddress: Sam@gmail.com
, createddate: 2022-08-07
, processeddate: 0001-01-01 00:00:00.0
Email sent successfully for the user email Address Sam@gmail.com
User with Sam@gmail.com processed on 2022-08-09 19:02:04.341: Logged through Email]]>
  </system-out>
  <testcase classname="Runner" name="createRecords" time="0.014"/>
  <system-out/>
  <testcase classname="Runner" name="createRecords" time="0.097"/>
  <system-out/>
  <testcase classname="Runner" name="createRecords" time="0.006"/>
  <system-out/>
</testsuite> <!-- Runner -->
